<?xml version="1.0" encoding="UTF-8"?>
<!-- Generated by org.testng.reporters.JUnitReportReporter -->
<testsuite skipped="0" hostname="pawan-PC" name="MavenExample.MavenBasics.AppiumTest" tests="2" failures="0" timestamp="2019-09-11T18:31:39 IST" time="0.008" errors="0">
  <testcase name="iosapp" time="0.004" classname="MavenExample.MavenBasics.AppiumTest"/>
  <testcase name="nativeappandroid" time="0.004" classname="MavenExample.MavenBasics.AppiumTest"/>
</testsuite> <!-- MavenExample.MavenBasics.AppiumTest -->
