<?xml version="1.0" encoding="UTF-8"?>
<!-- Generated by org.testng.reporters.JUnitReportReporter -->
<testsuite skipped="0" hostname="pawan-PC" name="MavenExample.MavenBasics.RESTSApiTest" tests="2" failures="0" timestamp="2019-09-11T18:31:39 IST" time="0.029" errors="0">
  <testcase name="deletetwitter" time="0.026" classname="MavenExample.MavenBasics.RESTSApiTest"/>
  <testcase name="postjira" time="0.003" classname="MavenExample.MavenBasics.RESTSApiTest"/>
</testsuite> <!-- MavenExample.MavenBasics.RESTSApiTest -->
