<?xml version="1.0" encoding="UTF-8"?>
<!-- Generated by org.testng.reporters.JUnitReportReporter -->
<testsuite skipped="0" hostname="pawan-PC" name="MavenExample.MavenBasics.SeleniumTest" tests="2" failures="0" timestamp="2019-09-11T18:31:39 IST" time="0.011" errors="0">
  <testcase name="BrowserAutomation" time="0.005" classname="MavenExample.MavenBasics.SeleniumTest"/>
  <testcase name="elementui" time="0.006" classname="MavenExample.MavenBasics.SeleniumTest"/>
</testsuite> <!-- MavenExample.MavenBasics.SeleniumTest -->
